<?xml version="1.0" encoding="UTF-8"?>
<testsuite xmlns:xsi="http://www.w3.org/2001/XMLSchema-instance" xsi:noNamespaceSchemaLocation="https://maven.apache.org/surefire/maven-surefire-plugin/xsd/surefire-test-report-3.0.xsd" version="3.0" name="com.brent.ik.selectionsort.SelectionSortTest" time="0.102" tests="1" errors="0" skipped="0" failures="0">
  <properties>
[...]
</properties>
  <testcase name="testSelectionSortSortArrayOfTenItems(int[], int[])[1]" classname="com.brent.ik.selectionsort.SelectionSortTest" time="0.064">
    <system-out><![CDATA[In pass 0 found the min value 0 in position 7
Value of array after pass 0: [0,6,3,9,2,4,1,5,]
In pass 1 found the min value 1 in position 6
Value of array after pass 1: [0,1,3,9,2,4,6,5,]
In pass 2 found the min value 2 in position 4
Value of array after pass 2: [0,1,2,9,3,4,6,5,]
In pass 3 found the min value 3 in position 4
Value of array after pass 3: [0,1,2,3,9,4,6,5,]
In pass 4 found the min value 4 in position 5
Value of array after pass 4: [0,1,2,3,4,9,6,5,]
In pass 5 found the min value 5 in position 7
Value of array after pass 5: [0,1,2,3,4,5,6,9,]
In pass 6 found the min value 6 in position 6
Value of array after pass 6: [0,1,2,3,4,5,6,9,]
]]></system-out>
  </testcase>
</testsuite>